Command: /home/veeram/Veera_synop/vsdRiscvScl180/dv/irq/./simv -l simulation.log
Chronologic VCS simulator copyright 1991-2023
Contains Synopsys proprietary information.
Compiler version U-2023.03_Full64; Runtime version U-2023.03_Full64;  Dec 19 19:08 2025
Memory 5 bytes = 0xxx 0xxx 0xxx 0xxx 0xxx
Reading irq.hex
irq.hex loaded into memory
Memory 5 bytes = 0xxx 0xxx 0xxx 0xxx 0xxx
GPIO state = 0000 (0000)
+1000 cycles
+1000 cycles
+1000 cycles
+1000 cycles
+1000 cycles
+1000 cycles
+1000 cycles
+1000 cycles
+1000 cycles
+1000 cycles
+1000 cycles
+1000 cycles
[1;31m
Monitor: Timeout, Test IRQ (RTL) Failed
[0m
$finish called from file "irq_tb.v", line 59.
$finish at simulation time            239990000
           V C S   S i m u l a t i o n   R e p o r t 
Time: 239990000 ps
CPU Time:      0.240 seconds;       Data structure size:   1.0Mb
Fri Dec 19 19:08:02 2025
