Warning: Design 'vsdcaravel' has '3' unresolved references. For more detailed information, use the "link" command. (UID-341)
 
****************************************
Report : area
Design : vsdcaravel
Version: T-2022.03-SP5
Date   : Tue Dec 16 19:11:16 2025
****************************************

Information: Updating design information... (UID-85)
Information: Timing loop detected. (OPT-150)
	chip_core/housekeeping/U190/I chip_core/housekeeping/U190/Z chip_core/housekeeping/U287/I chip_core/housekeeping/U287/Z chip_core/housekeeping/U272/I chip_core/housekeeping/U272/Z chip_core/housekeeping/U225/I chip_core/housekeeping/U225/Z chip_core/housekeeping/gpio_configure_reg[3][3]/CP chip_core/housekeeping/gpio_configure_reg[3][3]/Q chip_core/housekeeping/U3226/A1 chip_core/housekeeping/U3226/ZN chip_core/housekeeping/U3192/A2 chip_core/housekeeping/U3192/ZN chip_core/housekeeping/U3191/A2 chip_core/housekeeping/U3191/ZN chip_core/housekeeping/U3189/I0 chip_core/housekeeping/U3189/Z 
Information: Timing loop detected. (OPT-150)
	chip_core/housekeeping/U294/I chip_core/housekeeping/U294/Z chip_core/housekeeping/U301/I chip_core/housekeeping/U301/Z chip_core/housekeeping/wbbd_sck_reg/CP chip_core/housekeeping/wbbd_sck_reg/QN chip_core/housekeeping/U3190/I chip_core/housekeeping/U3190/ZN chip_core/housekeeping/U3189/I1 chip_core/housekeeping/U3189/Z chip_core/housekeeping/U189/I chip_core/housekeeping/U189/Z chip_core/housekeeping/U284/I chip_core/housekeeping/U284/Z chip_core/housekeeping/U282/I chip_core/housekeeping/U282/Z chip_core/housekeeping/U197/I chip_core/housekeeping/U197/Z chip_core/housekeeping/pll_trim_reg[5]/CP chip_core/housekeeping/pll_trim_reg[5]/Q chip_core/pll/U7/A1 chip_core/pll/U7/Z chip_core/pll/ringosc/dstage[5].id/delayenb0/EN chip_core/pll/ringosc/dstage[5].id/delayenb0/ZN chip_core/pll/ringosc/ibufp10/I chip_core/pll/ringosc/ibufp10/ZN chip_core/pll/ringosc/ibufp11/I chip_core/pll/ringosc/ibufp11/ZN chip_core/clock_ctrl/use_pll_second_reg/CP chip_core/clock_ctrl/use_pll_second_reg/Q chip_core/clock_ctrl/U8/A1 chip_core/clock_ctrl/U8/ZN chip_core/U40/I chip_core/U40/Z 
Warning: Disabling timing arc between pins 'CP' and 'Q' on cell 'chip_core/housekeeping/gpio_configure_reg[3][3]'
         to break a timing loop. (OPT-314)
Warning: Disabling timing arc between pins 'CP' and 'QN' on cell 'chip_core/housekeeping/wbbd_sck_reg'
         to break a timing loop. (OPT-314)
Warning: Disabling timing arc between pins 'CP' and 'Q' on cell 'chip_core/housekeeping/wbbd_busy_reg'
         to break a timing loop. (OPT-314)
Warning: Disabling timing arc between pins 'CP' and 'Q' on cell 'chip_core/pll/pll_control/tval_reg[6]'
         to break a timing loop. (OPT-314)
Warning: Disabling timing arc between pins 'CP' and 'Q' on cell 'chip_core/pll/pll_control/tval_reg[4]'
         to break a timing loop. (OPT-314)
Warning: Disabling timing arc between pins 'CP' and 'Q' on cell 'chip_core/pll/pll_control/tval_reg[3]'
         to break a timing loop. (OPT-314)
Warning: Disabling timing arc between pins 'CP' and 'Q' on cell 'chip_core/pll/pll_control/tval_reg[2]'
         to break a timing loop. (OPT-314)
Warning: Disabling timing arc between pins 'CP' and 'Q' on cell 'chip_core/pll/pll_control/tval_reg[5]'
         to break a timing loop. (OPT-314)
Warning: Disabling timing arc between pins 'I' and 'ZN' on cell 'chip_core/pll/ringosc/dstage[6].id/delayenb0'
         to break a timing loop. (OPT-314)
Warning: Disabling timing arc between pins 'CP' and 'Q' on cell 'chip_core/clock_ctrl/divider/syncN_reg[1]'
         to break a timing loop. (OPT-314)
Warning: Disabling timing arc between pins 'CP' and 'QN' on cell 'chip_core/clock_ctrl/divider/syncN_reg[1]'
         to break a timing loop. (OPT-314)
Warning: Disabling timing arc between pins 'CP' and 'Q' on cell 'chip_core/clock_ctrl/divider/syncN_reg[2]'
         to break a timing loop. (OPT-314)
Warning: Disabling timing arc between pins 'CP' and 'Q' on cell 'chip_core/clock_ctrl/divider/syncN_reg[0]'
         to break a timing loop. (OPT-314)
Warning: Disabling timing arc between pins 'CP' and 'Q' on cell 'chip_core/housekeeping/hkspi_disable_reg'
         to break a timing loop. (OPT-314)
Warning: Disabling timing arc between pins 'I' and 'ZN' on cell 'chip_core/pll/ringosc/dstage[0].id/delayenb0'
         to break a timing loop. (OPT-314)
Warning: Disabling timing arc between pins 'I' and 'ZN' on cell 'chip_core/pll/ringosc/dstage[6].id/delayenb1'
         to break a timing loop. (OPT-314)
Warning: Disabling timing arc between pins 'I' and 'ZN' on cell 'chip_core/pll/ringosc/dstage[6].id/delayen1'
         to break a timing loop. (OPT-314)
Warning: Disabling timing arc between pins 'CP' and 'Q' on cell 'chip_core/clock_ctrl/divider2/syncN_reg[1]'
         to break a timing loop. (OPT-314)
Warning: Disabling timing arc between pins 'CP' and 'QN' on cell 'chip_core/clock_ctrl/divider2/syncN_reg[1]'
         to break a timing loop. (OPT-314)
Warning: Disabling timing arc between pins 'CP' and 'Q' on cell 'chip_core/clock_ctrl/divider2/syncN_reg[2]'
         to break a timing loop. (OPT-314)
Warning: Disabling timing arc between pins 'CP' and 'Q' on cell 'chip_core/clock_ctrl/divider2/syncN_reg[0]'
         to break a timing loop. (OPT-314)
Library(s) Used:

    tsl18fs120_scl_ff (File: /home/Synopsys/pdk/SCL_PDK_3/SCLPDK_V3.0_KIT/scl180/stdcell/fs120/4M1IL/liberty/lib_flow_ff/tsl18fs120_scl_ff.db)
    tsl18cio250_min (File: /home/Synopsys/pdk/SCL_PDK_3/SCLPDK_V3.0_KIT/scl180/iopad/cio250/4M1L/liberty/tsl18cio250_min.db)

Number of ports:                        14249
Number of nets:                         41539
Number of cells:                        34209
Number of combinational cells:          21002
Number of sequential cells:              6885
Number of macros/black boxes:              19
Number of buf/inv:                       6077
Number of references:                       2

Combinational area:             396121.770901
Buf/Inv area:                    83983.450892
Noncombinational area:          431666.659195
Macro/Black Box area:             3986.640190
Net Interconnect area:           32305.402089

Total cell area:                831775.070286
Total area:                     864080.472376

Information: This design contains black box (unknown) components. (RPT-8)
1
