Command: /home/veeram/Veera_synop/vsdRiscvScl180/dv/gpio/./simv -l simulation.log
Chronologic VCS simulator copyright 1991-2023
Contains Synopsys proprietary information.
Compiler version U-2023.03_Full64; Runtime version U-2023.03_Full64;  Dec 19 18:22 2025
Memory 5 bytes = 0xxx 0xxx 0xxx 0xxx 0xxx
Reading gpio.hex
gpio.hex loaded into memory
Memory 5 bytes = 0xxx 0xxx 0xxx 0xxx 0xxx
GPIO state = 0000000000000000 (  0 -   z)
+1000 cycles
+1000 cycles
+1000 cycles
+1000 cycles
+1000 cycles
+1000 cycles
+1000 cycles
+1000 cycles
+1000 cycles
+1000 cycles
+1000 cycles
+1000 cycles
+1000 cycles
+1000 cycles
+1000 cycles
+1000 cycles
+1000 cycles
+1000 cycles
+1000 cycles
+1000 cycles
+1000 cycles
+1000 cycles
+1000 cycles
+1000 cycles
+1000 cycles
[1;31m
Monitor: Timeout, Test GPIO (RTL) Failed
[0m
$finish called from file "gpio_tb.v", line 59.
$finish at simulation time            499990000
           V C S   S i m u l a t i o n   R e p o r t 
Time: 499990000 ps
CPU Time:      0.280 seconds;       Data structure size:   1.0Mb
Fri Dec 19 18:22:38 2025
